2011-09-22 16:26:40 Warning: Warning (2): unlink(/Applications/MAMP/htdocs/groupin/app/tmp/cache/persistent/cake_core_default_) [<a href='http://php.net/function.unlink'>function.unlink</a>]: No such file or directory in [/Applications/MAMP/htdocs/groupin/cake/libs/file.php, line 294]
2011-09-22 16:26:40 Warning: Warning (2): unlink(/Applications/MAMP/htdocs/groupin/app/tmp/cache/models/cake_model_default_carriers) [<a href='http://php.net/function.unlink'>function.unlink</a>]: No such file or directory in [/Applications/MAMP/htdocs/groupin/cake/libs/file.php, line 294]
2011-09-22 16:26:40 Warning: Warning (2): unlink(/Applications/MAMP/htdocs/groupin/app/tmp/cache/models/cake_model_default_carriers) [<a href='http://php.net/function.unlink'>function.unlink</a>]: No such file or directory in [/Applications/MAMP/htdocs/groupin/cake/libs/file.php, line 294]
2011-09-22 16:26:40 Warning: Warning (2): unlink(/Applications/MAMP/htdocs/groupin/app/tmp/cache/models/cake_model_default_carriers) [<a href='http://php.net/function.unlink'>function.unlink</a>]: No such file or directory in [/Applications/MAMP/htdocs/groupin/cake/libs/file.php, line 294]
2011-09-22 16:26:40 Warning: Warning (2): unlink(/Applications/MAMP/htdocs/groupin/app/tmp/cache/models/cake_model_default_categories) [<a href='http://php.net/function.unlink'>function.unlink</a>]: No such file or directory in [/Applications/MAMP/htdocs/groupin/cake/libs/file.php, line 294]
2011-09-22 16:26:40 Warning: Warning (2): unlink(/Applications/MAMP/htdocs/groupin/app/tmp/cache/models/cake_model_default_deals) [<a href='http://php.net/function.unlink'>function.unlink</a>]: No such file or directory in [/Applications/MAMP/htdocs/groupin/cake/libs/file.php, line 294]
2011-09-22 16:26:40 Warning: Warning (2): unlink(/Applications/MAMP/htdocs/groupin/app/tmp/cache/models/cake_model_default_groupin_list) [<a href='http://php.net/function.unlink'>function.unlink</a>]: No such file or directory in [/Applications/MAMP/htdocs/groupin/cake/libs/file.php, line 294]
2011-09-22 16:26:40 Warning: Warning (2): unlink(/Applications/MAMP/htdocs/groupin/app/tmp/cache/models/cake_model_default_users) [<a href='http://php.net/function.unlink'>function.unlink</a>]: No such file or directory in [/Applications/MAMP/htdocs/groupin/cake/libs/file.php, line 294]
2011-09-22 16:26:40 Warning: Warning (2): unlink(/Applications/MAMP/htdocs/groupin/app/tmp/cache/models/cake_model_default_users) [<a href='http://php.net/function.unlink'>function.unlink</a>]: No such file or directory in [/Applications/MAMP/htdocs/groupin/cake/libs/file.php, line 294]
2011-09-22 16:26:40 Warning: Warning (2): unlink(/Applications/MAMP/htdocs/groupin/app/tmp/cache/models/cake_model_default_usergroups) [<a href='http://php.net/function.unlink'>function.unlink</a>]: No such file or directory in [/Applications/MAMP/htdocs/groupin/cake/libs/file.php, line 294]
2011-09-22 17:14:27 Warning: Warning (512): <span style="color:Red;text-align:left"><b>SQL Error:</b> 1054: Unknown column 'User.' in 'where clause'</span> in [/Applications/MAMP/htdocs/groupin/cake/libs/model/datasources/dbo_source.php, line 684]
2011-09-22 17:14:40 Warning: Warning (512): <span style="color:Red;text-align:left"><b>SQL Error:</b> 1054: Unknown column 'User.' in 'where clause'</span> in [/Applications/MAMP/htdocs/groupin/cake/libs/model/datasources/dbo_source.php, line 684]
2011-09-22 17:14:45 Warning: Warning (512): <span style="color:Red;text-align:left"><b>SQL Error:</b> 1054: Unknown column 'User.' in 'where clause'</span> in [/Applications/MAMP/htdocs/groupin/cake/libs/model/datasources/dbo_source.php, line 684]
2011-09-26 12:11:44 Warning: Warning (2): Cannot modify header information - headers already sent by (output started at /Applications/MAMP/htdocs/groupin/cake/basics.php:110) in [/Applications/MAMP/htdocs/groupin/cake/libs/controller/controller.php, line 742]
2011-09-26 12:11:58 Warning: Warning (2): Cannot modify header information - headers already sent by (output started at /Applications/MAMP/htdocs/groupin/cake/basics.php:110) in [/Applications/MAMP/htdocs/groupin/cake/libs/controller/controller.php, line 742]
2011-09-26 12:12:09 Warning: Warning (2): Cannot modify header information - headers already sent by (output started at /Applications/MAMP/htdocs/groupin/cake/basics.php:110) in [/Applications/MAMP/htdocs/groupin/cake/libs/controller/controller.php, line 742]
2011-09-26 12:12:18 Warning: Warning (2): Cannot modify header information - headers already sent by (output started at /Applications/MAMP/htdocs/groupin/cake/basics.php:110) in [/Applications/MAMP/htdocs/groupin/cake/libs/controller/controller.php, line 742]
2011-09-26 12:12:33 Warning: Warning (2): Cannot modify header information - headers already sent by (output started at /Applications/MAMP/htdocs/groupin/cake/basics.php:110) in [/Applications/MAMP/htdocs/groupin/cake/libs/controller/controller.php, line 742]
2011-09-26 15:18:40 Warning: Warning (512): <span style="color:Red;text-align:left"><b>SQL Error:</b> 1054: Unknown column 'User.' in 'where clause'</span> in [/Applications/MAMP/htdocs/groupin/cake/libs/model/datasources/dbo_source.php, line 684]
2011-09-26 15:18:48 Warning: Warning (512): <span style="color:Red;text-align:left"><b>SQL Error:</b> 1054: Unknown column 'User.' in 'where clause'</span> in [/Applications/MAMP/htdocs/groupin/cake/libs/model/datasources/dbo_source.php, line 684]
2011-09-26 16:38:18 Warning: Warning (2): Invalid argument supplied for foreach() in [/Applications/MAMP/htdocs/groupin/app/views/deals/index.ctp, line 13]
2011-09-26 16:38:56 Warning: Warning (2): Invalid argument supplied for foreach() in [/Applications/MAMP/htdocs/groupin/app/views/deals/index.ctp, line 14]
2011-09-26 16:39:29 Warning: Warning (2): Invalid argument supplied for foreach() in [/Applications/MAMP/htdocs/groupin/app/views/deals/index.ctp, line 14]
2011-09-26 16:39:30 Warning: Warning (2): Invalid argument supplied for foreach() in [/Applications/MAMP/htdocs/groupin/app/views/deals/index.ctp, line 14]
2011-09-26 16:39:41 Warning: Warning (2): Invalid argument supplied for foreach() in [/Applications/MAMP/htdocs/groupin/app/views/deals/index.ctp, line 14]
2011-09-26 16:40:11 Warning: Warning (2): Invalid argument supplied for foreach() in [/Applications/MAMP/htdocs/groupin/app/views/deals/index.ctp, line 15]
2011-09-26 16:40:21 Warning: Warning (2): Invalid argument supplied for foreach() in [/Applications/MAMP/htdocs/groupin/app/views/deals/index.ctp, line 15]
2011-09-26 16:40:26 Warning: Warning (2): Invalid argument supplied for foreach() in [/Applications/MAMP/htdocs/groupin/app/views/deals/index.ctp, line 15]
2011-09-26 16:40:31 Warning: Warning (2): Invalid argument supplied for foreach() in [/Applications/MAMP/htdocs/groupin/app/views/deals/index.ctp, line 15]
2011-09-26 16:40:34 Warning: Warning (2): Invalid argument supplied for foreach() in [/Applications/MAMP/htdocs/groupin/app/views/deals/index.ctp, line 15]
2011-09-26 16:51:03 Warning: Warning (2): Missing argument 1 for DealsController::beforeRender(), called in /Applications/MAMP/htdocs/groupin/cake/libs/controller/controller.php on line 863 and defined in [/Applications/MAMP/htdocs/groupin/app/controllers/deals_controller.php, line 74]
2011-09-26 16:51:03 Warning: Warning (2): Invalid argument supplied for foreach() in [/Applications/MAMP/htdocs/groupin/app/views/deals/index.ctp, line 14]
2011-09-26 16:51:05 Warning: Warning (2): Missing argument 1 for DealsController::beforeRender(), called in /Applications/MAMP/htdocs/groupin/cake/libs/controller/controller.php on line 863 and defined in [/Applications/MAMP/htdocs/groupin/app/controllers/deals_controller.php, line 74]
2011-09-26 16:51:07 Warning: Warning (2): Missing argument 1 for DealsController::beforeRender(), called in /Applications/MAMP/htdocs/groupin/cake/libs/controller/controller.php on line 863 and defined in [/Applications/MAMP/htdocs/groupin/app/controllers/deals_controller.php, line 74]
2011-09-26 16:51:09 Warning: Warning (2): Missing argument 1 for DealsController::beforeRender(), called in /Applications/MAMP/htdocs/groupin/cake/libs/controller/controller.php on line 863 and defined in [/Applications/MAMP/htdocs/groupin/app/controllers/deals_controller.php, line 74]
2011-09-26 16:51:09 Warning: Warning (2): Invalid argument supplied for foreach() in [/Applications/MAMP/htdocs/groupin/app/views/deals/index.ctp, line 14]
2011-09-26 17:12:11 Warning: Warning (2): _() expects exactly 1 parameter, 2 given in [/Applications/MAMP/htdocs/groupin/app/views/deals/index.ctp, line 74]
2011-09-26 17:32:46 Warning: Warning (512): <span style="color:Red;text-align:left"><b>SQL Error:</b> 1054: Unknown column 'Image.image_id' in 'field list'</span> in [/Applications/MAMP/htdocs/groupin/cake/libs/model/datasources/dbo_source.php, line 684]
2011-09-26 17:32:46 Warning: Warning (2): Invalid argument supplied for foreach() in [/Applications/MAMP/htdocs/groupin/cake/libs/model/datasources/dbo_source.php, line 1098]
2011-10-06 12:38:20 Warning: Warning (2): unlink(/Applications/MAMP/htdocs/groupin/app/tmp/cache/models/cake_model_default_priceranges) [<a href='http://php.net/function.unlink'>function.unlink</a>]: No such file or directory in [/Applications/MAMP/htdocs/groupin/cake/libs/file.php, line 294]
2011-10-06 12:38:20 Warning: Warning (2): fopen(/Applications/MAMP/htdocs/groupin/app/tmp/cache/models/cake_model_default_retailers) [<a href='http://php.net/function.fopen'>function.fopen</a>]: failed to open stream: No such file or directory in [/Applications/MAMP/htdocs/groupin/cake/libs/file.php, line 152]
2011-10-07 13:28:40 Warning: Warning (2): Invalid argument supplied for foreach() in [/Applications/MAMP/htdocs/groupin/app/views/retailers/index.ctp, line 49]
2011-10-11 14:41:54 Warning: Warning (2): Cannot modify header information - headers already sent by (output started at /Applications/MAMP/htdocs/groupin/cake/libs/debugger.php:683) in [/Applications/MAMP/htdocs/groupin/cake/libs/controller/controller.php, line 742]
2011-10-11 16:31:52 Warning: Warning (2): Invalid argument supplied for foreach() in [/Applications/MAMP/htdocs/groupin/app/controllers/components/uploader.php, line 358]
2011-10-11 16:33:29 Warning: Warning (2): Invalid argument supplied for foreach() in [/Applications/MAMP/htdocs/groupin/app/controllers/components/uploader.php, line 358]
2011-10-11 16:33:29 Warning: Warning (2): imagecreatefrompng() [<a href='http://php.net/function.imagecreatefrompng'>function.imagecreatefrompng</a>]: Filename cannot be empty in [/Applications/MAMP/htdocs/groupin/app/controllers/components/uploader.php, line 1032]
2011-10-11 16:33:29 Warning: Warning (2): imagecopyresampled() expects parameter 2 to be resource, boolean given in [/Applications/MAMP/htdocs/groupin/app/controllers/components/uploader.php, line 1054]
2011-10-11 16:33:29 Warning: Warning (2): imagedestroy() expects parameter 1 to be resource, boolean given in [/Applications/MAMP/htdocs/groupin/app/controllers/components/uploader.php, line 1077]
2011-10-11 16:33:33 Warning: Warning (2): Invalid argument supplied for foreach() in [/Applications/MAMP/htdocs/groupin/app/controllers/components/uploader.php, line 358]
2011-10-11 16:34:15 Warning: Warning (2): Illegal offset type in isset or empty in [/Applications/MAMP/htdocs/groupin/app/controllers/components/uploader.php, line 1106]
2011-10-11 16:34:23 Warning: Warning (2): Invalid argument supplied for foreach() in [/Applications/MAMP/htdocs/groupin/app/controllers/components/uploader.php, line 358]
2011-10-11 16:34:53 Warning: Warning (2): Invalid argument supplied for foreach() in [/Applications/MAMP/htdocs/groupin/app/controllers/components/uploader.php, line 358]
2011-10-11 16:35:14 Warning: Warning (2): Invalid argument supplied for foreach() in [/Applications/MAMP/htdocs/groupin/app/controllers/components/uploader.php, line 358]
2011-10-11 16:35:42 Warning: Warning (2): Invalid argument supplied for foreach() in [/Applications/MAMP/htdocs/groupin/app/controllers/components/uploader.php, line 358]
2011-10-11 16:36:15 Warning: Warning (2): Invalid argument supplied for foreach() in [/Applications/MAMP/htdocs/groupin/app/controllers/components/uploader.php, line 358]
2011-10-11 16:59:20 Warning: Warning (2): Invalid argument supplied for foreach() in [/Applications/MAMP/htdocs/groupin/app/controllers/components/uploader.php, line 358]
2011-10-11 16:59:43 Warning: Warning (2): Invalid argument supplied for foreach() in [/Applications/MAMP/htdocs/groupin/app/controllers/components/uploader.php, line 358]
2011-10-11 16:59:56 Warning: Warning (2): Invalid argument supplied for foreach() in [/Applications/MAMP/htdocs/groupin/app/controllers/components/uploader.php, line 358]
2011-10-11 17:01:10 Warning: Warning (2): Invalid argument supplied for foreach() in [/Applications/MAMP/htdocs/groupin/app/controllers/components/uploader.php, line 358]
2011-10-11 17:01:36 Warning: Warning (2): Invalid argument supplied for foreach() in [/Applications/MAMP/htdocs/groupin/app/controllers/components/uploader.php, line 358]
